<?xml version="1.0" encoding="UTF-8"?>
<testsuites>
  <testsuite name="" tests="72" assertions="146" errors="0" warnings="0" failures="0" skipped="0" time="0.207556">
    <testsuite name="Project Test Suite" tests="72" assertions="146" errors="0" warnings="0" failures="0" skipped="0" time="0.207556">
      <testsuite name="BlackJackServiceTest" file="/Users/kna19mepe/dbwebb-kurser/mvc/me/report/tests/Blackjack/BlackJackServiceTest.php" tests="23" assertions="30" errors="0" warnings="0" failures="0" skipped="0" time="0.135012">
        <testcase name="testPlaceBet" class="BlackJackServiceTest" classname="BlackJackServiceTest" file="/Users/kna19mepe/dbwebb-kurser/mvc/me/report/tests/Blackjack/BlackJackServiceTest.php" line="28" assertions="1" time="0.051070"/>
        <testcase name="testPlayerDrawCard" class="BlackJackServiceTest" classname="BlackJackServiceTest" file="/Users/kna19mepe/dbwebb-kurser/mvc/me/report/tests/Blackjack/BlackJackServiceTest.php" line="34" assertions="1" time="0.004685"/>
        <testcase name="testBankDrawCard" class="BlackJackServiceTest" classname="BlackJackServiceTest" file="/Users/kna19mepe/dbwebb-kurser/mvc/me/report/tests/Blackjack/BlackJackServiceTest.php" line="41" assertions="1" time="0.002386"/>
        <testcase name="testAreAllPlayersBust" class="BlackJackServiceTest" classname="BlackJackServiceTest" file="/Users/kna19mepe/dbwebb-kurser/mvc/me/report/tests/Blackjack/BlackJackServiceTest.php" line="57" assertions="1" time="0.001927"/>
        <testcase name="testDetermineWinner" class="BlackJackServiceTest" classname="BlackJackServiceTest" file="/Users/kna19mepe/dbwebb-kurser/mvc/me/report/tests/Blackjack/BlackJackServiceTest.php" line="66" assertions="1" time="0.002426"/>
        <testcase name="testResetGame" class="BlackJackServiceTest" classname="BlackJackServiceTest" file="/Users/kna19mepe/dbwebb-kurser/mvc/me/report/tests/Blackjack/BlackJackServiceTest.php" line="79" assertions="4" time="0.042620"/>
        <testcase name="testGetPlayerCards" class="BlackJackServiceTest" classname="BlackJackServiceTest" file="/Users/kna19mepe/dbwebb-kurser/mvc/me/report/tests/Blackjack/BlackJackServiceTest.php" line="89" assertions="2" time="0.003594"/>
        <testcase name="testGetBankCards" class="BlackJackServiceTest" classname="BlackJackServiceTest" file="/Users/kna19mepe/dbwebb-kurser/mvc/me/report/tests/Blackjack/BlackJackServiceTest.php" line="97" assertions="2" time="0.001776"/>
        <testcase name="testGetDealerFirstCard" class="BlackJackServiceTest" classname="BlackJackServiceTest" file="/Users/kna19mepe/dbwebb-kurser/mvc/me/report/tests/Blackjack/BlackJackServiceTest.php" line="105" assertions="1" time="0.002650"/>
        <testcase name="testIsStarted" class="BlackJackServiceTest" classname="BlackJackServiceTest" file="/Users/kna19mepe/dbwebb-kurser/mvc/me/report/tests/Blackjack/BlackJackServiceTest.php" line="112" assertions="2" time="0.001720"/>
        <testcase name="testPlayerBusts" class="BlackJackServiceTest" classname="BlackJackServiceTest" file="/Users/kna19mepe/dbwebb-kurser/mvc/me/report/tests/Blackjack/BlackJackServiceTest.php" line="119" assertions="1" time="0.001483"/>
        <testcase name="testCalculateCardValueAce" class="BlackJackServiceTest" classname="BlackJackServiceTest" file="/Users/kna19mepe/dbwebb-kurser/mvc/me/report/tests/Blackjack/BlackJackServiceTest.php" line="129" assertions="2" time="0.000945"/>
        <testcase name="testCalculateCardValueFaceCard" class="BlackJackServiceTest" classname="BlackJackServiceTest" file="/Users/kna19mepe/dbwebb-kurser/mvc/me/report/tests/Blackjack/BlackJackServiceTest.php" line="141" assertions="1" time="0.001280"/>
        <testcase name="testIsGameOver" class="BlackJackServiceTest" classname="BlackJackServiceTest" file="/Users/kna19mepe/dbwebb-kurser/mvc/me/report/tests/Blackjack/BlackJackServiceTest.php" line="149" assertions="1" time="0.000925"/>
        <testcase name="testAreAllPlayersBustNoneBust" class="BlackJackServiceTest" classname="BlackJackServiceTest" file="/Users/kna19mepe/dbwebb-kurser/mvc/me/report/tests/Blackjack/BlackJackServiceTest.php" line="154" assertions="1" time="0.001714"/>
        <testcase name="testAreAllPlayersBustOneOrMoreBust" class="BlackJackServiceTest" classname="BlackJackServiceTest" file="/Users/kna19mepe/dbwebb-kurser/mvc/me/report/tests/Blackjack/BlackJackServiceTest.php" line="168" assertions="1" time="0.001849"/>
        <testcase name="testBankDrawCardBust" class="BlackJackServiceTest" classname="BlackJackServiceTest" file="/Users/kna19mepe/dbwebb-kurser/mvc/me/report/tests/Blackjack/BlackJackServiceTest.php" line="182" assertions="1" time="0.001729"/>
        <testcase name="testBreakLoopIfNoCardDrawn" class="BlackJackServiceTest" classname="BlackJackServiceTest" file="/Users/kna19mepe/dbwebb-kurser/mvc/me/report/tests/Blackjack/BlackJackServiceTest.php" line="198" assertions="1" time="0.001531"/>
        <testcase name="testGetDealerFirstCardReturnsNullIfNoCards" class="BlackJackServiceTest" classname="BlackJackServiceTest" file="/Users/kna19mepe/dbwebb-kurser/mvc/me/report/tests/Blackjack/BlackJackServiceTest.php" line="207" assertions="1" time="0.001651"/>
        <testcase name="testDetermineWinnerAllBust" class="BlackJackServiceTest" classname="BlackJackServiceTest" file="/Users/kna19mepe/dbwebb-kurser/mvc/me/report/tests/Blackjack/BlackJackServiceTest.php" line="212" assertions="1" time="0.001729"/>
        <testcase name="testDetermineWinnerBankBusts" class="BlackJackServiceTest" classname="BlackJackServiceTest" file="/Users/kna19mepe/dbwebb-kurser/mvc/me/report/tests/Blackjack/BlackJackServiceTest.php" line="224" assertions="1" time="0.001833"/>
        <testcase name="testDetermineWinnerDraw" class="BlackJackServiceTest" classname="BlackJackServiceTest" file="/Users/kna19mepe/dbwebb-kurser/mvc/me/report/tests/Blackjack/BlackJackServiceTest.php" line="251" assertions="1" time="0.001663"/>
        <testcase name="testDetermineWinnerBankWins" class="BlackJackServiceTest" classname="BlackJackServiceTest" file="/Users/kna19mepe/dbwebb-kurser/mvc/me/report/tests/Blackjack/BlackJackServiceTest.php" line="265" assertions="1" time="0.001826"/>
      </testsuite>
      <testsuite name="DealerTest" file="/Users/kna19mepe/dbwebb-kurser/mvc/me/report/tests/Blackjack/DealerTest.php" tests="5" assertions="7" errors="0" warnings="0" failures="0" skipped="0" time="0.006113">
        <testcase name="testAddCard" class="DealerTest" classname="DealerTest" file="/Users/kna19mepe/dbwebb-kurser/mvc/me/report/tests/Blackjack/DealerTest.php" line="16" assertions="1" time="0.001593"/>
        <testcase name="testGetCards" class="DealerTest" classname="DealerTest" file="/Users/kna19mepe/dbwebb-kurser/mvc/me/report/tests/Blackjack/DealerTest.php" line="23" assertions="3" time="0.001716"/>
        <testcase name="testGetPointsNoCards" class="DealerTest" classname="DealerTest" file="/Users/kna19mepe/dbwebb-kurser/mvc/me/report/tests/Blackjack/DealerTest.php" line="35" assertions="1" time="0.001093"/>
        <testcase name="testGetPointsWithNumericCards" class="DealerTest" classname="DealerTest" file="/Users/kna19mepe/dbwebb-kurser/mvc/me/report/tests/Blackjack/DealerTest.php" line="40" assertions="1" time="0.000831"/>
        <testcase name="testGetPointsWithNonNumericCards" class="DealerTest" classname="DealerTest" file="/Users/kna19mepe/dbwebb-kurser/mvc/me/report/tests/Blackjack/DealerTest.php" line="47" assertions="1" time="0.000880"/>
      </testsuite>
      <testsuite name="PlayerTest" file="/Users/kna19mepe/dbwebb-kurser/mvc/me/report/tests/Blackjack/PlayerTest.php" tests="10" assertions="12" errors="0" warnings="0" failures="0" skipped="0" time="0.010059">
        <testcase name="testGetName" class="PlayerTest" classname="PlayerTest" file="/Users/kna19mepe/dbwebb-kurser/mvc/me/report/tests/Blackjack/PlayerTest.php" line="16" assertions="1" time="0.001786"/>
        <testcase name="testGetScore" class="PlayerTest" classname="PlayerTest" file="/Users/kna19mepe/dbwebb-kurser/mvc/me/report/tests/Blackjack/PlayerTest.php" line="21" assertions="1" time="0.001299"/>
        <testcase name="testAddToScore" class="PlayerTest" classname="PlayerTest" file="/Users/kna19mepe/dbwebb-kurser/mvc/me/report/tests/Blackjack/PlayerTest.php" line="26" assertions="1" time="0.000630"/>
        <testcase name="testResetScore" class="PlayerTest" classname="PlayerTest" file="/Users/kna19mepe/dbwebb-kurser/mvc/me/report/tests/Blackjack/PlayerTest.php" line="32" assertions="1" time="0.001586"/>
        <testcase name="testAddCard" class="PlayerTest" classname="PlayerTest" file="/Users/kna19mepe/dbwebb-kurser/mvc/me/report/tests/Blackjack/PlayerTest.php" line="39" assertions="1" time="0.001483"/>
        <testcase name="testGetCards" class="PlayerTest" classname="PlayerTest" file="/Users/kna19mepe/dbwebb-kurser/mvc/me/report/tests/Blackjack/PlayerTest.php" line="46" assertions="3" time="0.000753"/>
        <testcase name="testGetMoney" class="PlayerTest" classname="PlayerTest" file="/Users/kna19mepe/dbwebb-kurser/mvc/me/report/tests/Blackjack/PlayerTest.php" line="58" assertions="1" time="0.000794"/>
        <testcase name="testAdjustMoney" class="PlayerTest" classname="PlayerTest" file="/Users/kna19mepe/dbwebb-kurser/mvc/me/report/tests/Blackjack/PlayerTest.php" line="63" assertions="1" time="0.000607"/>
        <testcase name="testIsBust" class="PlayerTest" classname="PlayerTest" file="/Users/kna19mepe/dbwebb-kurser/mvc/me/report/tests/Blackjack/PlayerTest.php" line="69" assertions="1" time="0.000519"/>
        <testcase name="testSetBust" class="PlayerTest" classname="PlayerTest" file="/Users/kna19mepe/dbwebb-kurser/mvc/me/report/tests/Blackjack/PlayerTest.php" line="74" assertions="1" time="0.000602"/>
      </testsuite>
      <testsuite name="App\Dice\DiceTest" file="/Users/kna19mepe/dbwebb-kurser/mvc/me/report/tests/Dice/DiceTest.php" tests="2" assertions="3" errors="0" warnings="0" failures="0" skipped="0" time="0.004922">
        <testcase name="testCreateDice" class="App\Dice\DiceTest" classname="App.Dice.DiceTest" file="/Users/kna19mepe/dbwebb-kurser/mvc/me/report/tests/Dice/DiceTest.php" line="16" assertions="2" time="0.003530"/>
        <testcase name="testStubRollDiceLastRoll" class="App\Dice\DiceTest" classname="App.Dice.DiceTest" file="/Users/kna19mepe/dbwebb-kurser/mvc/me/report/tests/Dice/DiceTest.php" line="28" assertions="1" time="0.001392"/>
      </testsuite>
      <testsuite name="CardGraphicTest" file="/Users/kna19mepe/dbwebb-kurser/mvc/me/report/tests/Game/CardGraphicTest.php" tests="2" assertions="4" errors="0" warnings="0" failures="0" skipped="0" time="0.002708">
        <testcase name="testGetGraphic" class="CardGraphicTest" classname="CardGraphicTest" file="/Users/kna19mepe/dbwebb-kurser/mvc/me/report/tests/Game/CardGraphicTest.php" line="8" assertions="2" time="0.002100"/>
        <testcase name="testGetSuitColor" class="CardGraphicTest" classname="CardGraphicTest" file="/Users/kna19mepe/dbwebb-kurser/mvc/me/report/tests/Game/CardGraphicTest.php" line="17" assertions="2" time="0.000608"/>
      </testsuite>
      <testsuite name="App\Tests\Card\CardTest" file="/Users/kna19mepe/dbwebb-kurser/mvc/me/report/tests/Game/CardTest.php" tests="2" assertions="2" errors="0" warnings="0" failures="0" skipped="0" time="0.001175">
        <testcase name="testGetSuit" class="App\Tests\Card\CardTest" classname="App.Tests.Card.CardTest" file="/Users/kna19mepe/dbwebb-kurser/mvc/me/report/tests/Game/CardTest.php" line="16" assertions="1" time="0.000631"/>
        <testcase name="testGetValue" class="App\Tests\Card\CardTest" classname="App.Tests.Card.CardTest" file="/Users/kna19mepe/dbwebb-kurser/mvc/me/report/tests/Game/CardTest.php" line="27" assertions="1" time="0.000544"/>
      </testsuite>
      <testsuite name="App\Tests\Card\DeckTest" file="/Users/kna19mepe/dbwebb-kurser/mvc/me/report/tests/Game/DeckTest.php" tests="8" assertions="63" errors="0" warnings="0" failures="0" skipped="0" time="0.026015">
        <testcase name="testCreateDeck" class="App\Tests\Card\DeckTest" classname="App.Tests.Card.DeckTest" file="/Users/kna19mepe/dbwebb-kurser/mvc/me/report/tests/Game/DeckTest.php" line="20" assertions="2" time="0.000925"/>
        <testcase name="testShuffle" class="App\Tests\Card\DeckTest" classname="App.Tests.Card.DeckTest" file="/Users/kna19mepe/dbwebb-kurser/mvc/me/report/tests/Game/DeckTest.php" line="30" assertions="1" time="0.012716"/>
        <testcase name="testDrawSpecificCard" class="App\Tests\Card\DeckTest" classname="App.Tests.Card.DeckTest" file="/Users/kna19mepe/dbwebb-kurser/mvc/me/report/tests/Game/DeckTest.php" line="44" assertions="1" time="0.000872"/>
        <testcase name="testDrawSpecificCardWhenIndexOutOfBounds" class="App\Tests\Card\DeckTest" classname="App.Tests.Card.DeckTest" file="/Users/kna19mepe/dbwebb-kurser/mvc/me/report/tests/Game/DeckTest.php" line="55" assertions="1" time="0.000828"/>
        <testcase name="testIsSorted" class="App\Tests\Card\DeckTest" classname="App.Tests.Card.DeckTest" file="/Users/kna19mepe/dbwebb-kurser/mvc/me/report/tests/Game/DeckTest.php" line="66" assertions="1" time="0.006658"/>
        <testcase name="testIsSortedWhenDeckNotSorted" class="App\Tests\Card\DeckTest" classname="App.Tests.Card.DeckTest" file="/Users/kna19mepe/dbwebb-kurser/mvc/me/report/tests/Game/DeckTest.php" line="77" assertions="1" time="0.001363"/>
        <testcase name="testCreateDrawFromDeck" class="App\Tests\Card\DeckTest" classname="App.Tests.Card.DeckTest" file="/Users/kna19mepe/dbwebb-kurser/mvc/me/report/tests/Game/DeckTest.php" line="87" assertions="2" time="0.001306"/>
        <testcase name="testCreateDeckWithCardGraphic" class="App\Tests\Card\DeckTest" classname="App.Tests.Card.DeckTest" file="/Users/kna19mepe/dbwebb-kurser/mvc/me/report/tests/Game/DeckTest.php" line="97" assertions="54" time="0.001348"/>
      </testsuite>
      <testsuite name="App\Tests\Game\GameTest" file="/Users/kna19mepe/dbwebb-kurser/mvc/me/report/tests/Game/GameTest.php" tests="16" assertions="21" errors="0" warnings="0" failures="0" skipped="0" time="0.018333">
        <testcase name="testInitialScores" class="App\Tests\Game\GameTest" classname="App.Tests.Game.GameTest" file="/Users/kna19mepe/dbwebb-kurser/mvc/me/report/tests/Game/GameTest.php" line="18" assertions="2" time="0.003594"/>
        <testcase name="testPlayerDrawCard" class="App\Tests\Game\GameTest" classname="App.Tests.Game.GameTest" file="/Users/kna19mepe/dbwebb-kurser/mvc/me/report/tests/Game/GameTest.php" line="29" assertions="2" time="0.001664"/>
        <testcase name="testDetermineWinnerPlayerWins" class="App\Tests\Game\GameTest" classname="App.Tests.Game.GameTest" file="/Users/kna19mepe/dbwebb-kurser/mvc/me/report/tests/Game/GameTest.php" line="41" assertions="1" time="0.000693"/>
        <testcase name="testDetermineWinnerBankWins" class="App\Tests\Game\GameTest" classname="App.Tests.Game.GameTest" file="/Users/kna19mepe/dbwebb-kurser/mvc/me/report/tests/Game/GameTest.php" line="53" assertions="1" time="0.000629"/>
        <testcase name="testDetermineWinnerTie" class="App\Tests\Game\GameTest" classname="App.Tests.Game.GameTest" file="/Users/kna19mepe/dbwebb-kurser/mvc/me/report/tests/Game/GameTest.php" line="65" assertions="1" time="0.000676"/>
        <testcase name="testResetGame" class="App\Tests\Game\GameTest" classname="App.Tests.Game.GameTest" file="/Users/kna19mepe/dbwebb-kurser/mvc/me/report/tests/Game/GameTest.php" line="77" assertions="3" time="0.003148"/>
        <testcase name="testBankDrawCard" class="App\Tests\Game\GameTest" classname="App.Tests.Game.GameTest" file="/Users/kna19mepe/dbwebb-kurser/mvc/me/report/tests/Game/GameTest.php" line="92" assertions="2" time="0.000851"/>
        <testcase name="testIsPlayerDrawn" class="App\Tests\Game\GameTest" classname="App.Tests.Game.GameTest" file="/Users/kna19mepe/dbwebb-kurser/mvc/me/report/tests/Game/GameTest.php" line="105" assertions="1" time="0.000901"/>
        <testcase name="testQueenCardValue" class="App\Tests\Game\GameTest" classname="App.Tests.Game.GameTest" file="/Users/kna19mepe/dbwebb-kurser/mvc/me/report/tests/Game/GameTest.php" line="116" assertions="1" time="0.000686"/>
        <testcase name="testJackCardValue" class="App\Tests\Game\GameTest" classname="App.Tests.Game.GameTest" file="/Users/kna19mepe/dbwebb-kurser/mvc/me/report/tests/Game/GameTest.php" line="127" assertions="1" time="0.000749"/>
        <testcase name="testPlayerWinsWhenPlayerScoreExceeds21" class="App\Tests\Game\GameTest" classname="App.Tests.Game.GameTest" file="/Users/kna19mepe/dbwebb-kurser/mvc/me/report/tests/Game/GameTest.php" line="138" assertions="1" time="0.000598"/>
        <testcase name="testBankWinsWhenBankScoreExceeds21" class="App\Tests\Game\GameTest" classname="App.Tests.Game.GameTest" file="/Users/kna19mepe/dbwebb-kurser/mvc/me/report/tests/Game/GameTest.php" line="149" assertions="1" time="0.000712"/>
        <testcase name="testPlayerWinsWithHigherScore" class="App\Tests\Game\GameTest" classname="App.Tests.Game.GameTest" file="/Users/kna19mepe/dbwebb-kurser/mvc/me/report/tests/Game/GameTest.php" line="160" assertions="1" time="0.000673"/>
        <testcase name="testBankWinsWithHigherScore" class="App\Tests\Game\GameTest" classname="App.Tests.Game.GameTest" file="/Users/kna19mepe/dbwebb-kurser/mvc/me/report/tests/Game/GameTest.php" line="172" assertions="1" time="0.000706"/>
        <testcase name="testPlayerDrawCardGameOver" class="App\Tests\Game\GameTest" classname="App.Tests.Game.GameTest" file="/Users/kna19mepe/dbwebb-kurser/mvc/me/report/tests/Game/GameTest.php" line="184" assertions="1" time="0.000820"/>
        <testcase name="testCalculateCardValueNumericValue" class="App\Tests\Game\GameTest" classname="App.Tests.Game.GameTest" file="/Users/kna19mepe/dbwebb-kurser/mvc/me/report/tests/Game/GameTest.php" line="196" assertions="1" time="0.001233"/>
      </testsuite>
      <testsuite name="App\Tests\Game\PlayerTest" file="/Users/kna19mepe/dbwebb-kurser/mvc/me/report/tests/Game/PlayerTest.php" tests="4" assertions="4" errors="0" warnings="0" failures="0" skipped="0" time="0.003219">
        <testcase name="testInitialScore" class="App\Tests\Game\PlayerTest" classname="App.Tests.Game.PlayerTest" file="/Users/kna19mepe/dbwebb-kurser/mvc/me/report/tests/Game/PlayerTest.php" line="17" assertions="1" time="0.000729"/>
        <testcase name="testAddToScore" class="App\Tests\Game\PlayerTest" classname="App.Tests.Game.PlayerTest" file="/Users/kna19mepe/dbwebb-kurser/mvc/me/report/tests/Game/PlayerTest.php" line="26" assertions="1" time="0.000580"/>
        <testcase name="testResetScore" class="App\Tests\Game\PlayerTest" classname="App.Tests.Game.PlayerTest" file="/Users/kna19mepe/dbwebb-kurser/mvc/me/report/tests/Game/PlayerTest.php" line="36" assertions="1" time="0.000598"/>
        <testcase name="testAddCard" class="App\Tests\Game\PlayerTest" classname="App.Tests.Game.PlayerTest" file="/Users/kna19mepe/dbwebb-kurser/mvc/me/report/tests/Game/PlayerTest.php" line="47" assertions="1" time="0.001312"/>
      </testsuite>
    </testsuite>
  </testsuite>
</testsuites>
