<?xml version="1.0" encoding="UTF-8"?>
<testsuites>
  <testsuite name="" tests="72" assertions="146" errors="0" warnings="0" failures="0" skipped="0" time="0.266580">
    <testsuite name="Project Test Suite" tests="72" assertions="146" errors="0" warnings="0" failures="0" skipped="0" time="0.266580">
      <testsuite name="BlackJackServiceTest" file="/Users/kna19mepe/dbwebb-kurser/mvc/me/report/tests/Blackjack/BlackJackServiceTest.php" tests="23" assertions="30" errors="0" warnings="0" failures="0" skipped="0" time="0.197970">
        <testcase name="testPlaceBet" class="BlackJackServiceTest" classname="BlackJackServiceTest" file="/Users/kna19mepe/dbwebb-kurser/mvc/me/report/tests/Blackjack/BlackJackServiceTest.php" line="39" assertions="1" time="0.054607"/>
        <testcase name="testPlayerDrawCard" class="BlackJackServiceTest" classname="BlackJackServiceTest" file="/Users/kna19mepe/dbwebb-kurser/mvc/me/report/tests/Blackjack/BlackJackServiceTest.php" line="48" assertions="1" time="0.004461"/>
        <testcase name="testBankDrawCard" class="BlackJackServiceTest" classname="BlackJackServiceTest" file="/Users/kna19mepe/dbwebb-kurser/mvc/me/report/tests/Blackjack/BlackJackServiceTest.php" line="58" assertions="1" time="0.002166"/>
        <testcase name="testAreAllPlayersBust" class="BlackJackServiceTest" classname="BlackJackServiceTest" file="/Users/kna19mepe/dbwebb-kurser/mvc/me/report/tests/Blackjack/BlackJackServiceTest.php" line="77" assertions="1" time="0.002023"/>
        <testcase name="testDetermineWinner" class="BlackJackServiceTest" classname="BlackJackServiceTest" file="/Users/kna19mepe/dbwebb-kurser/mvc/me/report/tests/Blackjack/BlackJackServiceTest.php" line="89" assertions="1" time="0.002439"/>
        <testcase name="testResetGame" class="BlackJackServiceTest" classname="BlackJackServiceTest" file="/Users/kna19mepe/dbwebb-kurser/mvc/me/report/tests/Blackjack/BlackJackServiceTest.php" line="105" assertions="4" time="0.042208"/>
        <testcase name="testGetPlayerCards" class="BlackJackServiceTest" classname="BlackJackServiceTest" file="/Users/kna19mepe/dbwebb-kurser/mvc/me/report/tests/Blackjack/BlackJackServiceTest.php" line="118" assertions="2" time="0.064553"/>
        <testcase name="testGetBankCards" class="BlackJackServiceTest" classname="BlackJackServiceTest" file="/Users/kna19mepe/dbwebb-kurser/mvc/me/report/tests/Blackjack/BlackJackServiceTest.php" line="129" assertions="2" time="0.001203"/>
        <testcase name="testGetDealerFirstCard" class="BlackJackServiceTest" classname="BlackJackServiceTest" file="/Users/kna19mepe/dbwebb-kurser/mvc/me/report/tests/Blackjack/BlackJackServiceTest.php" line="140" assertions="1" time="0.001888"/>
        <testcase name="testIsStarted" class="BlackJackServiceTest" classname="BlackJackServiceTest" file="/Users/kna19mepe/dbwebb-kurser/mvc/me/report/tests/Blackjack/BlackJackServiceTest.php" line="150" assertions="2" time="0.001794"/>
        <testcase name="testPlayerBusts" class="BlackJackServiceTest" classname="BlackJackServiceTest" file="/Users/kna19mepe/dbwebb-kurser/mvc/me/report/tests/Blackjack/BlackJackServiceTest.php" line="160" assertions="1" time="0.001572"/>
        <testcase name="testCalculateCardValueAce" class="BlackJackServiceTest" classname="BlackJackServiceTest" file="/Users/kna19mepe/dbwebb-kurser/mvc/me/report/tests/Blackjack/BlackJackServiceTest.php" line="173" assertions="2" time="0.000942"/>
        <testcase name="testCalculateCardValueFaceCard" class="BlackJackServiceTest" classname="BlackJackServiceTest" file="/Users/kna19mepe/dbwebb-kurser/mvc/me/report/tests/Blackjack/BlackJackServiceTest.php" line="188" assertions="1" time="0.000930"/>
        <testcase name="testIsGameOver" class="BlackJackServiceTest" classname="BlackJackServiceTest" file="/Users/kna19mepe/dbwebb-kurser/mvc/me/report/tests/Blackjack/BlackJackServiceTest.php" line="199" assertions="1" time="0.000951"/>
        <testcase name="testAreAllPlayersBustNoneBust" class="BlackJackServiceTest" classname="BlackJackServiceTest" file="/Users/kna19mepe/dbwebb-kurser/mvc/me/report/tests/Blackjack/BlackJackServiceTest.php" line="207" assertions="1" time="0.001978"/>
        <testcase name="testAreAllPlayersBustOneOrMoreBust" class="BlackJackServiceTest" classname="BlackJackServiceTest" file="/Users/kna19mepe/dbwebb-kurser/mvc/me/report/tests/Blackjack/BlackJackServiceTest.php" line="224" assertions="1" time="0.001973"/>
        <testcase name="testBankDrawCardBust" class="BlackJackServiceTest" classname="BlackJackServiceTest" file="/Users/kna19mepe/dbwebb-kurser/mvc/me/report/tests/Blackjack/BlackJackServiceTest.php" line="241" assertions="1" time="0.002201"/>
        <testcase name="testBreakLoopIfNoCardDrawn" class="BlackJackServiceTest" classname="BlackJackServiceTest" file="/Users/kna19mepe/dbwebb-kurser/mvc/me/report/tests/Blackjack/BlackJackServiceTest.php" line="260" assertions="1" time="0.001946"/>
        <testcase name="testGetDealerFirstCardReturnsNullIfNoCards" class="BlackJackServiceTest" classname="BlackJackServiceTest" file="/Users/kna19mepe/dbwebb-kurser/mvc/me/report/tests/Blackjack/BlackJackServiceTest.php" line="272" assertions="1" time="0.001814"/>
        <testcase name="testDetermineWinnerAllBust" class="BlackJackServiceTest" classname="BlackJackServiceTest" file="/Users/kna19mepe/dbwebb-kurser/mvc/me/report/tests/Blackjack/BlackJackServiceTest.php" line="280" assertions="1" time="0.001547"/>
        <testcase name="testDetermineWinnerBankBusts" class="BlackJackServiceTest" classname="BlackJackServiceTest" file="/Users/kna19mepe/dbwebb-kurser/mvc/me/report/tests/Blackjack/BlackJackServiceTest.php" line="295" assertions="1" time="0.001873"/>
        <testcase name="testDetermineWinnerDraw" class="BlackJackServiceTest" classname="BlackJackServiceTest" file="/Users/kna19mepe/dbwebb-kurser/mvc/me/report/tests/Blackjack/BlackJackServiceTest.php" line="322" assertions="1" time="0.001133"/>
        <testcase name="testDetermineWinnerBankWins" class="BlackJackServiceTest" classname="BlackJackServiceTest" file="/Users/kna19mepe/dbwebb-kurser/mvc/me/report/tests/Blackjack/BlackJackServiceTest.php" line="339" assertions="1" time="0.001770"/>
      </testsuite>
      <testsuite name="DealerTest" file="/Users/kna19mepe/dbwebb-kurser/mvc/me/report/tests/Blackjack/DealerTest.php" tests="5" assertions="7" errors="0" warnings="0" failures="0" skipped="0" time="0.005643">
        <testcase name="testAddCard" class="DealerTest" classname="DealerTest" file="/Users/kna19mepe/dbwebb-kurser/mvc/me/report/tests/Blackjack/DealerTest.php" line="25" assertions="1" time="0.001497"/>
        <testcase name="testGetCards" class="DealerTest" classname="DealerTest" file="/Users/kna19mepe/dbwebb-kurser/mvc/me/report/tests/Blackjack/DealerTest.php" line="35" assertions="3" time="0.001951"/>
        <testcase name="testGetPointsNoCards" class="DealerTest" classname="DealerTest" file="/Users/kna19mepe/dbwebb-kurser/mvc/me/report/tests/Blackjack/DealerTest.php" line="50" assertions="1" time="0.000858"/>
        <testcase name="testGetPointsWithNumericCards" class="DealerTest" classname="DealerTest" file="/Users/kna19mepe/dbwebb-kurser/mvc/me/report/tests/Blackjack/DealerTest.php" line="58" assertions="1" time="0.000693"/>
        <testcase name="testGetPointsWithNonNumericCards" class="DealerTest" classname="DealerTest" file="/Users/kna19mepe/dbwebb-kurser/mvc/me/report/tests/Blackjack/DealerTest.php" line="68" assertions="1" time="0.000643"/>
      </testsuite>
      <testsuite name="PlayerTest" file="/Users/kna19mepe/dbwebb-kurser/mvc/me/report/tests/Blackjack/PlayerTest.php" tests="10" assertions="12" errors="0" warnings="0" failures="0" skipped="0" time="0.006733">
        <testcase name="testGetName" class="PlayerTest" classname="PlayerTest" file="/Users/kna19mepe/dbwebb-kurser/mvc/me/report/tests/Blackjack/PlayerTest.php" line="25" assertions="1" time="0.000540"/>
        <testcase name="testGetScore" class="PlayerTest" classname="PlayerTest" file="/Users/kna19mepe/dbwebb-kurser/mvc/me/report/tests/Blackjack/PlayerTest.php" line="33" assertions="1" time="0.000775"/>
        <testcase name="testAddToScore" class="PlayerTest" classname="PlayerTest" file="/Users/kna19mepe/dbwebb-kurser/mvc/me/report/tests/Blackjack/PlayerTest.php" line="41" assertions="1" time="0.000608"/>
        <testcase name="testResetScore" class="PlayerTest" classname="PlayerTest" file="/Users/kna19mepe/dbwebb-kurser/mvc/me/report/tests/Blackjack/PlayerTest.php" line="50" assertions="1" time="0.000604"/>
        <testcase name="testAddCard" class="PlayerTest" classname="PlayerTest" file="/Users/kna19mepe/dbwebb-kurser/mvc/me/report/tests/Blackjack/PlayerTest.php" line="60" assertions="1" time="0.000651"/>
        <testcase name="testGetCards" class="PlayerTest" classname="PlayerTest" file="/Users/kna19mepe/dbwebb-kurser/mvc/me/report/tests/Blackjack/PlayerTest.php" line="70" assertions="3" time="0.000629"/>
        <testcase name="testGetMoney" class="PlayerTest" classname="PlayerTest" file="/Users/kna19mepe/dbwebb-kurser/mvc/me/report/tests/Blackjack/PlayerTest.php" line="85" assertions="1" time="0.001127"/>
        <testcase name="testAdjustMoney" class="PlayerTest" classname="PlayerTest" file="/Users/kna19mepe/dbwebb-kurser/mvc/me/report/tests/Blackjack/PlayerTest.php" line="93" assertions="1" time="0.000576"/>
        <testcase name="testIsBust" class="PlayerTest" classname="PlayerTest" file="/Users/kna19mepe/dbwebb-kurser/mvc/me/report/tests/Blackjack/PlayerTest.php" line="102" assertions="1" time="0.000528"/>
        <testcase name="testSetBust" class="PlayerTest" classname="PlayerTest" file="/Users/kna19mepe/dbwebb-kurser/mvc/me/report/tests/Blackjack/PlayerTest.php" line="110" assertions="1" time="0.000695"/>
      </testsuite>
      <testsuite name="App\Dice\DiceTest" file="/Users/kna19mepe/dbwebb-kurser/mvc/me/report/tests/Dice/DiceTest.php" tests="2" assertions="3" errors="0" warnings="0" failures="0" skipped="0" time="0.005499">
        <testcase name="testCreateDice" class="App\Dice\DiceTest" classname="App.Dice.DiceTest" file="/Users/kna19mepe/dbwebb-kurser/mvc/me/report/tests/Dice/DiceTest.php" line="16" assertions="2" time="0.004120"/>
        <testcase name="testStubRollDiceLastRoll" class="App\Dice\DiceTest" classname="App.Dice.DiceTest" file="/Users/kna19mepe/dbwebb-kurser/mvc/me/report/tests/Dice/DiceTest.php" line="28" assertions="1" time="0.001380"/>
      </testsuite>
      <testsuite name="CardGraphicTest" file="/Users/kna19mepe/dbwebb-kurser/mvc/me/report/tests/Game/CardGraphicTest.php" tests="2" assertions="4" errors="0" warnings="0" failures="0" skipped="0" time="0.001219">
        <testcase name="testGetGraphic" class="CardGraphicTest" classname="CardGraphicTest" file="/Users/kna19mepe/dbwebb-kurser/mvc/me/report/tests/Game/CardGraphicTest.php" line="8" assertions="2" time="0.000593"/>
        <testcase name="testGetSuitColor" class="CardGraphicTest" classname="CardGraphicTest" file="/Users/kna19mepe/dbwebb-kurser/mvc/me/report/tests/Game/CardGraphicTest.php" line="17" assertions="2" time="0.000626"/>
      </testsuite>
      <testsuite name="App\Tests\Card\CardTest" file="/Users/kna19mepe/dbwebb-kurser/mvc/me/report/tests/Game/CardTest.php" tests="2" assertions="2" errors="0" warnings="0" failures="0" skipped="0" time="0.002135">
        <testcase name="testGetSuit" class="App\Tests\Card\CardTest" classname="App.Tests.Card.CardTest" file="/Users/kna19mepe/dbwebb-kurser/mvc/me/report/tests/Game/CardTest.php" line="16" assertions="1" time="0.000585"/>
        <testcase name="testGetValue" class="App\Tests\Card\CardTest" classname="App.Tests.Card.CardTest" file="/Users/kna19mepe/dbwebb-kurser/mvc/me/report/tests/Game/CardTest.php" line="27" assertions="1" time="0.001550"/>
      </testsuite>
      <testsuite name="App\Tests\Card\DeckTest" file="/Users/kna19mepe/dbwebb-kurser/mvc/me/report/tests/Game/DeckTest.php" tests="8" assertions="63" errors="0" warnings="0" failures="0" skipped="0" time="0.026880">
        <testcase name="testCreateDeck" class="App\Tests\Card\DeckTest" classname="App.Tests.Card.DeckTest" file="/Users/kna19mepe/dbwebb-kurser/mvc/me/report/tests/Game/DeckTest.php" line="20" assertions="2" time="0.000846"/>
        <testcase name="testShuffle" class="App\Tests\Card\DeckTest" classname="App.Tests.Card.DeckTest" file="/Users/kna19mepe/dbwebb-kurser/mvc/me/report/tests/Game/DeckTest.php" line="30" assertions="1" time="0.013933"/>
        <testcase name="testDrawSpecificCard" class="App\Tests\Card\DeckTest" classname="App.Tests.Card.DeckTest" file="/Users/kna19mepe/dbwebb-kurser/mvc/me/report/tests/Game/DeckTest.php" line="44" assertions="1" time="0.000911"/>
        <testcase name="testDrawSpecificCardWhenIndexOutOfBounds" class="App\Tests\Card\DeckTest" classname="App.Tests.Card.DeckTest" file="/Users/kna19mepe/dbwebb-kurser/mvc/me/report/tests/Game/DeckTest.php" line="55" assertions="1" time="0.001453"/>
        <testcase name="testIsSorted" class="App\Tests\Card\DeckTest" classname="App.Tests.Card.DeckTest" file="/Users/kna19mepe/dbwebb-kurser/mvc/me/report/tests/Game/DeckTest.php" line="66" assertions="1" time="0.004646"/>
        <testcase name="testIsSortedWhenDeckNotSorted" class="App\Tests\Card\DeckTest" classname="App.Tests.Card.DeckTest" file="/Users/kna19mepe/dbwebb-kurser/mvc/me/report/tests/Game/DeckTest.php" line="77" assertions="1" time="0.001521"/>
        <testcase name="testCreateDrawFromDeck" class="App\Tests\Card\DeckTest" classname="App.Tests.Card.DeckTest" file="/Users/kna19mepe/dbwebb-kurser/mvc/me/report/tests/Game/DeckTest.php" line="87" assertions="2" time="0.002098"/>
        <testcase name="testCreateDeckWithCardGraphic" class="App\Tests\Card\DeckTest" classname="App.Tests.Card.DeckTest" file="/Users/kna19mepe/dbwebb-kurser/mvc/me/report/tests/Game/DeckTest.php" line="97" assertions="54" time="0.001472"/>
      </testsuite>
      <testsuite name="App\Tests\Game\GameTest" file="/Users/kna19mepe/dbwebb-kurser/mvc/me/report/tests/Game/GameTest.php" tests="16" assertions="21" errors="0" warnings="0" failures="0" skipped="0" time="0.018086">
        <testcase name="testInitialScores" class="App\Tests\Game\GameTest" classname="App.Tests.Game.GameTest" file="/Users/kna19mepe/dbwebb-kurser/mvc/me/report/tests/Game/GameTest.php" line="18" assertions="2" time="0.003506"/>
        <testcase name="testPlayerDrawCard" class="App\Tests\Game\GameTest" classname="App.Tests.Game.GameTest" file="/Users/kna19mepe/dbwebb-kurser/mvc/me/report/tests/Game/GameTest.php" line="29" assertions="2" time="0.001576"/>
        <testcase name="testDetermineWinnerPlayerWins" class="App\Tests\Game\GameTest" classname="App.Tests.Game.GameTest" file="/Users/kna19mepe/dbwebb-kurser/mvc/me/report/tests/Game/GameTest.php" line="41" assertions="1" time="0.000728"/>
        <testcase name="testDetermineWinnerBankWins" class="App\Tests\Game\GameTest" classname="App.Tests.Game.GameTest" file="/Users/kna19mepe/dbwebb-kurser/mvc/me/report/tests/Game/GameTest.php" line="53" assertions="1" time="0.000632"/>
        <testcase name="testDetermineWinnerTie" class="App\Tests\Game\GameTest" classname="App.Tests.Game.GameTest" file="/Users/kna19mepe/dbwebb-kurser/mvc/me/report/tests/Game/GameTest.php" line="65" assertions="1" time="0.000656"/>
        <testcase name="testResetGame" class="App\Tests\Game\GameTest" classname="App.Tests.Game.GameTest" file="/Users/kna19mepe/dbwebb-kurser/mvc/me/report/tests/Game/GameTest.php" line="77" assertions="3" time="0.000665"/>
        <testcase name="testBankDrawCard" class="App\Tests\Game\GameTest" classname="App.Tests.Game.GameTest" file="/Users/kna19mepe/dbwebb-kurser/mvc/me/report/tests/Game/GameTest.php" line="92" assertions="2" time="0.000977"/>
        <testcase name="testIsPlayerDrawn" class="App\Tests\Game\GameTest" classname="App.Tests.Game.GameTest" file="/Users/kna19mepe/dbwebb-kurser/mvc/me/report/tests/Game/GameTest.php" line="105" assertions="1" time="0.000839"/>
        <testcase name="testQueenCardValue" class="App\Tests\Game\GameTest" classname="App.Tests.Game.GameTest" file="/Users/kna19mepe/dbwebb-kurser/mvc/me/report/tests/Game/GameTest.php" line="116" assertions="1" time="0.000724"/>
        <testcase name="testJackCardValue" class="App\Tests\Game\GameTest" classname="App.Tests.Game.GameTest" file="/Users/kna19mepe/dbwebb-kurser/mvc/me/report/tests/Game/GameTest.php" line="127" assertions="1" time="0.001048"/>
        <testcase name="testPlayerWinsWhenPlayerScoreExceeds21" class="App\Tests\Game\GameTest" classname="App.Tests.Game.GameTest" file="/Users/kna19mepe/dbwebb-kurser/mvc/me/report/tests/Game/GameTest.php" line="138" assertions="1" time="0.002640"/>
        <testcase name="testBankWinsWhenBankScoreExceeds21" class="App\Tests\Game\GameTest" classname="App.Tests.Game.GameTest" file="/Users/kna19mepe/dbwebb-kurser/mvc/me/report/tests/Game/GameTest.php" line="149" assertions="1" time="0.000640"/>
        <testcase name="testPlayerWinsWithHigherScore" class="App\Tests\Game\GameTest" classname="App.Tests.Game.GameTest" file="/Users/kna19mepe/dbwebb-kurser/mvc/me/report/tests/Game/GameTest.php" line="160" assertions="1" time="0.000636"/>
        <testcase name="testBankWinsWithHigherScore" class="App\Tests\Game\GameTest" classname="App.Tests.Game.GameTest" file="/Users/kna19mepe/dbwebb-kurser/mvc/me/report/tests/Game/GameTest.php" line="172" assertions="1" time="0.001214"/>
        <testcase name="testPlayerDrawCardGameOver" class="App\Tests\Game\GameTest" classname="App.Tests.Game.GameTest" file="/Users/kna19mepe/dbwebb-kurser/mvc/me/report/tests/Game/GameTest.php" line="184" assertions="1" time="0.000762"/>
        <testcase name="testCalculateCardValueNumericValue" class="App\Tests\Game\GameTest" classname="App.Tests.Game.GameTest" file="/Users/kna19mepe/dbwebb-kurser/mvc/me/report/tests/Game/GameTest.php" line="196" assertions="1" time="0.000843"/>
      </testsuite>
      <testsuite name="App\Tests\Game\PlayerTest" file="/Users/kna19mepe/dbwebb-kurser/mvc/me/report/tests/Game/PlayerTest.php" tests="4" assertions="4" errors="0" warnings="0" failures="0" skipped="0" time="0.002415">
        <testcase name="testInitialScore" class="App\Tests\Game\PlayerTest" classname="App.Tests.Game.PlayerTest" file="/Users/kna19mepe/dbwebb-kurser/mvc/me/report/tests/Game/PlayerTest.php" line="17" assertions="1" time="0.000654"/>
        <testcase name="testAddToScore" class="App\Tests\Game\PlayerTest" classname="App.Tests.Game.PlayerTest" file="/Users/kna19mepe/dbwebb-kurser/mvc/me/report/tests/Game/PlayerTest.php" line="26" assertions="1" time="0.000620"/>
        <testcase name="testResetScore" class="App\Tests\Game\PlayerTest" classname="App.Tests.Game.PlayerTest" file="/Users/kna19mepe/dbwebb-kurser/mvc/me/report/tests/Game/PlayerTest.php" line="36" assertions="1" time="0.000544"/>
        <testcase name="testAddCard" class="App\Tests\Game\PlayerTest" classname="App.Tests.Game.PlayerTest" file="/Users/kna19mepe/dbwebb-kurser/mvc/me/report/tests/Game/PlayerTest.php" line="47" assertions="1" time="0.000597"/>
      </testsuite>
    </testsuite>
  </testsuite>
</testsuites>
