<?xml version="1.0" encoding="UTF-8"?>
<testsuites>
  <testsuite name="" tests="74" assertions="148" errors="0" warnings="0" failures="0" skipped="0" time="0.220125">
    <testsuite name="Project Test Suite" tests="74" assertions="148" errors="0" warnings="0" failures="0" skipped="0" time="0.220125">
      <testsuite name="BlackJackServiceTest" file="/Users/kna19mepe/dbwebb-kurser/mvc/me/report/tests/Blackjack/BlackJackServiceTest.php" tests="25" assertions="32" errors="0" warnings="0" failures="0" skipped="0" time="0.158906">
        <testcase name="testPlaceBet" class="BlackJackServiceTest" classname="BlackJackServiceTest" file="/Users/kna19mepe/dbwebb-kurser/mvc/me/report/tests/Blackjack/BlackJackServiceTest.php" line="24" assertions="1" time="0.078304"/>
        <testcase name="testPlayerDrawCard" class="BlackJackServiceTest" classname="BlackJackServiceTest" file="/Users/kna19mepe/dbwebb-kurser/mvc/me/report/tests/Blackjack/BlackJackServiceTest.php" line="30" assertions="1" time="0.003802"/>
        <testcase name="testBankDrawCard" class="BlackJackServiceTest" classname="BlackJackServiceTest" file="/Users/kna19mepe/dbwebb-kurser/mvc/me/report/tests/Blackjack/BlackJackServiceTest.php" line="37" assertions="1" time="0.002681"/>
        <testcase name="testAreAllPlayersBust" class="BlackJackServiceTest" classname="BlackJackServiceTest" file="/Users/kna19mepe/dbwebb-kurser/mvc/me/report/tests/Blackjack/BlackJackServiceTest.php" line="52" assertions="1" time="0.001995"/>
        <testcase name="testDetermineWinner" class="BlackJackServiceTest" classname="BlackJackServiceTest" file="/Users/kna19mepe/dbwebb-kurser/mvc/me/report/tests/Blackjack/BlackJackServiceTest.php" line="61" assertions="1" time="0.003645"/>
        <testcase name="testResetGame" class="BlackJackServiceTest" classname="BlackJackServiceTest" file="/Users/kna19mepe/dbwebb-kurser/mvc/me/report/tests/Blackjack/BlackJackServiceTest.php" line="74" assertions="4" time="0.039398"/>
        <testcase name="testGetPlayerCards" class="BlackJackServiceTest" classname="BlackJackServiceTest" file="/Users/kna19mepe/dbwebb-kurser/mvc/me/report/tests/Blackjack/BlackJackServiceTest.php" line="84" assertions="2" time="0.002057"/>
        <testcase name="testGetBankCards" class="BlackJackServiceTest" classname="BlackJackServiceTest" file="/Users/kna19mepe/dbwebb-kurser/mvc/me/report/tests/Blackjack/BlackJackServiceTest.php" line="92" assertions="2" time="0.001100"/>
        <testcase name="testGetDealerFirstCard" class="BlackJackServiceTest" classname="BlackJackServiceTest" file="/Users/kna19mepe/dbwebb-kurser/mvc/me/report/tests/Blackjack/BlackJackServiceTest.php" line="100" assertions="1" time="0.001848"/>
        <testcase name="testIsStarted" class="BlackJackServiceTest" classname="BlackJackServiceTest" file="/Users/kna19mepe/dbwebb-kurser/mvc/me/report/tests/Blackjack/BlackJackServiceTest.php" line="107" assertions="2" time="0.001685"/>
        <testcase name="testPlayerBusts" class="BlackJackServiceTest" classname="BlackJackServiceTest" file="/Users/kna19mepe/dbwebb-kurser/mvc/me/report/tests/Blackjack/BlackJackServiceTest.php" line="114" assertions="1" time="0.001232"/>
        <testcase name="testCalculateCardValueAce" class="BlackJackServiceTest" classname="BlackJackServiceTest" file="/Users/kna19mepe/dbwebb-kurser/mvc/me/report/tests/Blackjack/BlackJackServiceTest.php" line="124" assertions="2" time="0.000874"/>
        <testcase name="testCalculateCardValueFaceCard" class="BlackJackServiceTest" classname="BlackJackServiceTest" file="/Users/kna19mepe/dbwebb-kurser/mvc/me/report/tests/Blackjack/BlackJackServiceTest.php" line="136" assertions="1" time="0.000888"/>
        <testcase name="testAreAllPlayersStayedAllStayed" class="BlackJackServiceTest" classname="BlackJackServiceTest" file="/Users/kna19mepe/dbwebb-kurser/mvc/me/report/tests/Blackjack/BlackJackServiceTest.php" line="144" assertions="1" time="0.002170"/>
        <testcase name="testIsGameOver" class="BlackJackServiceTest" classname="BlackJackServiceTest" file="/Users/kna19mepe/dbwebb-kurser/mvc/me/report/tests/Blackjack/BlackJackServiceTest.php" line="157" assertions="1" time="0.001304"/>
        <testcase name="testAreAllPlayersBustNoneBust" class="BlackJackServiceTest" classname="BlackJackServiceTest" file="/Users/kna19mepe/dbwebb-kurser/mvc/me/report/tests/Blackjack/BlackJackServiceTest.php" line="162" assertions="1" time="0.001924"/>
        <testcase name="testAreAllPlayersBustOneOrMoreBust" class="BlackJackServiceTest" classname="BlackJackServiceTest" file="/Users/kna19mepe/dbwebb-kurser/mvc/me/report/tests/Blackjack/BlackJackServiceTest.php" line="175" assertions="1" time="0.002030"/>
        <testcase name="testBankDrawCardBust" class="BlackJackServiceTest" classname="BlackJackServiceTest" file="/Users/kna19mepe/dbwebb-kurser/mvc/me/report/tests/Blackjack/BlackJackServiceTest.php" line="188" assertions="1" time="0.001970"/>
        <testcase name="testAreAllPlayersStayedNotAllStayed" class="BlackJackServiceTest" classname="BlackJackServiceTest" file="/Users/kna19mepe/dbwebb-kurser/mvc/me/report/tests/Blackjack/BlackJackServiceTest.php" line="204" assertions="1" time="0.001172"/>
        <testcase name="testBreakLoopIfNoCardDrawn" class="BlackJackServiceTest" classname="BlackJackServiceTest" file="/Users/kna19mepe/dbwebb-kurser/mvc/me/report/tests/Blackjack/BlackJackServiceTest.php" line="212" assertions="1" time="0.001346"/>
        <testcase name="testGetDealerFirstCardReturnsNullIfNoCards" class="BlackJackServiceTest" classname="BlackJackServiceTest" file="/Users/kna19mepe/dbwebb-kurser/mvc/me/report/tests/Blackjack/BlackJackServiceTest.php" line="221" assertions="1" time="0.001539"/>
        <testcase name="testDetermineWinnerAllBust" class="BlackJackServiceTest" classname="BlackJackServiceTest" file="/Users/kna19mepe/dbwebb-kurser/mvc/me/report/tests/Blackjack/BlackJackServiceTest.php" line="226" assertions="1" time="0.001562"/>
        <testcase name="testDetermineWinnerBankBusts" class="BlackJackServiceTest" classname="BlackJackServiceTest" file="/Users/kna19mepe/dbwebb-kurser/mvc/me/report/tests/Blackjack/BlackJackServiceTest.php" line="238" assertions="1" time="0.001770"/>
        <testcase name="testDetermineWinnerDraw" class="BlackJackServiceTest" classname="BlackJackServiceTest" file="/Users/kna19mepe/dbwebb-kurser/mvc/me/report/tests/Blackjack/BlackJackServiceTest.php" line="264" assertions="1" time="0.000953"/>
        <testcase name="testDetermineWinnerBankWins" class="BlackJackServiceTest" classname="BlackJackServiceTest" file="/Users/kna19mepe/dbwebb-kurser/mvc/me/report/tests/Blackjack/BlackJackServiceTest.php" line="277" assertions="1" time="0.001657"/>
      </testsuite>
      <testsuite name="DealerTest" file="/Users/kna19mepe/dbwebb-kurser/mvc/me/report/tests/Blackjack/DealerTest.php" tests="5" assertions="7" errors="0" warnings="0" failures="0" skipped="0" time="0.007299">
        <testcase name="testAddCard" class="DealerTest" classname="DealerTest" file="/Users/kna19mepe/dbwebb-kurser/mvc/me/report/tests/Blackjack/DealerTest.php" line="16" assertions="1" time="0.003707"/>
        <testcase name="testGetCards" class="DealerTest" classname="DealerTest" file="/Users/kna19mepe/dbwebb-kurser/mvc/me/report/tests/Blackjack/DealerTest.php" line="23" assertions="3" time="0.001469"/>
        <testcase name="testGetPointsNoCards" class="DealerTest" classname="DealerTest" file="/Users/kna19mepe/dbwebb-kurser/mvc/me/report/tests/Blackjack/DealerTest.php" line="35" assertions="1" time="0.000781"/>
        <testcase name="testGetPointsWithNumericCards" class="DealerTest" classname="DealerTest" file="/Users/kna19mepe/dbwebb-kurser/mvc/me/report/tests/Blackjack/DealerTest.php" line="40" assertions="1" time="0.000623"/>
        <testcase name="testGetPointsWithNonNumericCards" class="DealerTest" classname="DealerTest" file="/Users/kna19mepe/dbwebb-kurser/mvc/me/report/tests/Blackjack/DealerTest.php" line="47" assertions="1" time="0.000719"/>
      </testsuite>
      <testsuite name="PlayerTest" file="/Users/kna19mepe/dbwebb-kurser/mvc/me/report/tests/Blackjack/PlayerTest.php" tests="10" assertions="12" errors="0" warnings="0" failures="0" skipped="0" time="0.005371">
        <testcase name="testGetName" class="PlayerTest" classname="PlayerTest" file="/Users/kna19mepe/dbwebb-kurser/mvc/me/report/tests/Blackjack/PlayerTest.php" line="16" assertions="1" time="0.000576"/>
        <testcase name="testGetScore" class="PlayerTest" classname="PlayerTest" file="/Users/kna19mepe/dbwebb-kurser/mvc/me/report/tests/Blackjack/PlayerTest.php" line="21" assertions="1" time="0.000508"/>
        <testcase name="testAddToScore" class="PlayerTest" classname="PlayerTest" file="/Users/kna19mepe/dbwebb-kurser/mvc/me/report/tests/Blackjack/PlayerTest.php" line="26" assertions="1" time="0.000516"/>
        <testcase name="testResetScore" class="PlayerTest" classname="PlayerTest" file="/Users/kna19mepe/dbwebb-kurser/mvc/me/report/tests/Blackjack/PlayerTest.php" line="32" assertions="1" time="0.000514"/>
        <testcase name="testAddCard" class="PlayerTest" classname="PlayerTest" file="/Users/kna19mepe/dbwebb-kurser/mvc/me/report/tests/Blackjack/PlayerTest.php" line="39" assertions="1" time="0.000566"/>
        <testcase name="testGetCards" class="PlayerTest" classname="PlayerTest" file="/Users/kna19mepe/dbwebb-kurser/mvc/me/report/tests/Blackjack/PlayerTest.php" line="46" assertions="3" time="0.000592"/>
        <testcase name="testGetMoney" class="PlayerTest" classname="PlayerTest" file="/Users/kna19mepe/dbwebb-kurser/mvc/me/report/tests/Blackjack/PlayerTest.php" line="58" assertions="1" time="0.000506"/>
        <testcase name="testAdjustMoney" class="PlayerTest" classname="PlayerTest" file="/Users/kna19mepe/dbwebb-kurser/mvc/me/report/tests/Blackjack/PlayerTest.php" line="63" assertions="1" time="0.000506"/>
        <testcase name="testIsBust" class="PlayerTest" classname="PlayerTest" file="/Users/kna19mepe/dbwebb-kurser/mvc/me/report/tests/Blackjack/PlayerTest.php" line="69" assertions="1" time="0.000524"/>
        <testcase name="testSetBust" class="PlayerTest" classname="PlayerTest" file="/Users/kna19mepe/dbwebb-kurser/mvc/me/report/tests/Blackjack/PlayerTest.php" line="74" assertions="1" time="0.000564"/>
      </testsuite>
      <testsuite name="App\Dice\DiceTest" file="/Users/kna19mepe/dbwebb-kurser/mvc/me/report/tests/Dice/DiceTest.php" tests="2" assertions="3" errors="0" warnings="0" failures="0" skipped="0" time="0.006289">
        <testcase name="testCreateDice" class="App\Dice\DiceTest" classname="App.Dice.DiceTest" file="/Users/kna19mepe/dbwebb-kurser/mvc/me/report/tests/Dice/DiceTest.php" line="16" assertions="2" time="0.004899"/>
        <testcase name="testStubRollDiceLastRoll" class="App\Dice\DiceTest" classname="App.Dice.DiceTest" file="/Users/kna19mepe/dbwebb-kurser/mvc/me/report/tests/Dice/DiceTest.php" line="28" assertions="1" time="0.001390"/>
      </testsuite>
      <testsuite name="CardGraphicTest" file="/Users/kna19mepe/dbwebb-kurser/mvc/me/report/tests/Game/CardGraphicTest.php" tests="2" assertions="4" errors="0" warnings="0" failures="0" skipped="0" time="0.001174">
        <testcase name="testGetGraphic" class="CardGraphicTest" classname="CardGraphicTest" file="/Users/kna19mepe/dbwebb-kurser/mvc/me/report/tests/Game/CardGraphicTest.php" line="8" assertions="2" time="0.000583"/>
        <testcase name="testGetSuitColor" class="CardGraphicTest" classname="CardGraphicTest" file="/Users/kna19mepe/dbwebb-kurser/mvc/me/report/tests/Game/CardGraphicTest.php" line="17" assertions="2" time="0.000591"/>
      </testsuite>
      <testsuite name="App\Tests\Card\CardTest" file="/Users/kna19mepe/dbwebb-kurser/mvc/me/report/tests/Game/CardTest.php" tests="2" assertions="2" errors="0" warnings="0" failures="0" skipped="0" time="0.001090">
        <testcase name="testGetSuit" class="App\Tests\Card\CardTest" classname="App.Tests.Card.CardTest" file="/Users/kna19mepe/dbwebb-kurser/mvc/me/report/tests/Game/CardTest.php" line="16" assertions="1" time="0.000530"/>
        <testcase name="testGetValue" class="App\Tests\Card\CardTest" classname="App.Tests.Card.CardTest" file="/Users/kna19mepe/dbwebb-kurser/mvc/me/report/tests/Game/CardTest.php" line="27" assertions="1" time="0.000560"/>
      </testsuite>
      <testsuite name="App\Tests\Card\DeckTest" file="/Users/kna19mepe/dbwebb-kurser/mvc/me/report/tests/Game/DeckTest.php" tests="8" assertions="63" errors="0" warnings="0" failures="0" skipped="0" time="0.019443">
        <testcase name="testCreateDeck" class="App\Tests\Card\DeckTest" classname="App.Tests.Card.DeckTest" file="/Users/kna19mepe/dbwebb-kurser/mvc/me/report/tests/Game/DeckTest.php" line="20" assertions="2" time="0.000857"/>
        <testcase name="testShuffle" class="App\Tests\Card\DeckTest" classname="App.Tests.Card.DeckTest" file="/Users/kna19mepe/dbwebb-kurser/mvc/me/report/tests/Game/DeckTest.php" line="30" assertions="1" time="0.010736"/>
        <testcase name="testDrawSpecificCard" class="App\Tests\Card\DeckTest" classname="App.Tests.Card.DeckTest" file="/Users/kna19mepe/dbwebb-kurser/mvc/me/report/tests/Game/DeckTest.php" line="44" assertions="1" time="0.000822"/>
        <testcase name="testDrawSpecificCardWhenIndexOutOfBounds" class="App\Tests\Card\DeckTest" classname="App.Tests.Card.DeckTest" file="/Users/kna19mepe/dbwebb-kurser/mvc/me/report/tests/Game/DeckTest.php" line="55" assertions="1" time="0.000766"/>
        <testcase name="testIsSorted" class="App\Tests\Card\DeckTest" classname="App.Tests.Card.DeckTest" file="/Users/kna19mepe/dbwebb-kurser/mvc/me/report/tests/Game/DeckTest.php" line="66" assertions="1" time="0.003185"/>
        <testcase name="testIsSortedWhenDeckNotSorted" class="App\Tests\Card\DeckTest" classname="App.Tests.Card.DeckTest" file="/Users/kna19mepe/dbwebb-kurser/mvc/me/report/tests/Game/DeckTest.php" line="77" assertions="1" time="0.000814"/>
        <testcase name="testCreateDrawFromDeck" class="App\Tests\Card\DeckTest" classname="App.Tests.Card.DeckTest" file="/Users/kna19mepe/dbwebb-kurser/mvc/me/report/tests/Game/DeckTest.php" line="87" assertions="2" time="0.000939"/>
        <testcase name="testCreateDeckWithCardGraphic" class="App\Tests\Card\DeckTest" classname="App.Tests.Card.DeckTest" file="/Users/kna19mepe/dbwebb-kurser/mvc/me/report/tests/Game/DeckTest.php" line="97" assertions="54" time="0.001324"/>
      </testsuite>
      <testsuite name="App\Tests\Game\GameTest" file="/Users/kna19mepe/dbwebb-kurser/mvc/me/report/tests/Game/GameTest.php" tests="16" assertions="21" errors="0" warnings="0" failures="0" skipped="0" time="0.017512">
        <testcase name="testInitialScores" class="App\Tests\Game\GameTest" classname="App.Tests.Game.GameTest" file="/Users/kna19mepe/dbwebb-kurser/mvc/me/report/tests/Game/GameTest.php" line="18" assertions="2" time="0.006650"/>
        <testcase name="testPlayerDrawCard" class="App\Tests\Game\GameTest" classname="App.Tests.Game.GameTest" file="/Users/kna19mepe/dbwebb-kurser/mvc/me/report/tests/Game/GameTest.php" line="29" assertions="2" time="0.001556"/>
        <testcase name="testDetermineWinnerPlayerWins" class="App\Tests\Game\GameTest" classname="App.Tests.Game.GameTest" file="/Users/kna19mepe/dbwebb-kurser/mvc/me/report/tests/Game/GameTest.php" line="41" assertions="1" time="0.000660"/>
        <testcase name="testDetermineWinnerBankWins" class="App\Tests\Game\GameTest" classname="App.Tests.Game.GameTest" file="/Users/kna19mepe/dbwebb-kurser/mvc/me/report/tests/Game/GameTest.php" line="53" assertions="1" time="0.000683"/>
        <testcase name="testDetermineWinnerTie" class="App\Tests\Game\GameTest" classname="App.Tests.Game.GameTest" file="/Users/kna19mepe/dbwebb-kurser/mvc/me/report/tests/Game/GameTest.php" line="65" assertions="1" time="0.000614"/>
        <testcase name="testResetGame" class="App\Tests\Game\GameTest" classname="App.Tests.Game.GameTest" file="/Users/kna19mepe/dbwebb-kurser/mvc/me/report/tests/Game/GameTest.php" line="77" assertions="3" time="0.000612"/>
        <testcase name="testBankDrawCard" class="App\Tests\Game\GameTest" classname="App.Tests.Game.GameTest" file="/Users/kna19mepe/dbwebb-kurser/mvc/me/report/tests/Game/GameTest.php" line="92" assertions="2" time="0.000769"/>
        <testcase name="testIsPlayerDrawn" class="App\Tests\Game\GameTest" classname="App.Tests.Game.GameTest" file="/Users/kna19mepe/dbwebb-kurser/mvc/me/report/tests/Game/GameTest.php" line="105" assertions="1" time="0.000666"/>
        <testcase name="testQueenCardValue" class="App\Tests\Game\GameTest" classname="App.Tests.Game.GameTest" file="/Users/kna19mepe/dbwebb-kurser/mvc/me/report/tests/Game/GameTest.php" line="116" assertions="1" time="0.000699"/>
        <testcase name="testJackCardValue" class="App\Tests\Game\GameTest" classname="App.Tests.Game.GameTest" file="/Users/kna19mepe/dbwebb-kurser/mvc/me/report/tests/Game/GameTest.php" line="127" assertions="1" time="0.000649"/>
        <testcase name="testPlayerWinsWhenPlayerScoreExceeds21" class="App\Tests\Game\GameTest" classname="App.Tests.Game.GameTest" file="/Users/kna19mepe/dbwebb-kurser/mvc/me/report/tests/Game/GameTest.php" line="138" assertions="1" time="0.000592"/>
        <testcase name="testBankWinsWhenBankScoreExceeds21" class="App\Tests\Game\GameTest" classname="App.Tests.Game.GameTest" file="/Users/kna19mepe/dbwebb-kurser/mvc/me/report/tests/Game/GameTest.php" line="149" assertions="1" time="0.000635"/>
        <testcase name="testPlayerWinsWithHigherScore" class="App\Tests\Game\GameTest" classname="App.Tests.Game.GameTest" file="/Users/kna19mepe/dbwebb-kurser/mvc/me/report/tests/Game/GameTest.php" line="160" assertions="1" time="0.000796"/>
        <testcase name="testBankWinsWithHigherScore" class="App\Tests\Game\GameTest" classname="App.Tests.Game.GameTest" file="/Users/kna19mepe/dbwebb-kurser/mvc/me/report/tests/Game/GameTest.php" line="172" assertions="1" time="0.000604"/>
        <testcase name="testPlayerDrawCardGameOver" class="App\Tests\Game\GameTest" classname="App.Tests.Game.GameTest" file="/Users/kna19mepe/dbwebb-kurser/mvc/me/report/tests/Game/GameTest.php" line="184" assertions="1" time="0.000665"/>
        <testcase name="testCalculateCardValueNumericValue" class="App\Tests\Game\GameTest" classname="App.Tests.Game.GameTest" file="/Users/kna19mepe/dbwebb-kurser/mvc/me/report/tests/Game/GameTest.php" line="196" assertions="1" time="0.000661"/>
      </testsuite>
      <testsuite name="App\Tests\Game\PlayerTest" file="/Users/kna19mepe/dbwebb-kurser/mvc/me/report/tests/Game/PlayerTest.php" tests="4" assertions="4" errors="0" warnings="0" failures="0" skipped="0" time="0.003040">
        <testcase name="testInitialScore" class="App\Tests\Game\PlayerTest" classname="App.Tests.Game.PlayerTest" file="/Users/kna19mepe/dbwebb-kurser/mvc/me/report/tests/Game/PlayerTest.php" line="17" assertions="1" time="0.000587"/>
        <testcase name="testAddToScore" class="App\Tests\Game\PlayerTest" classname="App.Tests.Game.PlayerTest" file="/Users/kna19mepe/dbwebb-kurser/mvc/me/report/tests/Game/PlayerTest.php" line="26" assertions="1" time="0.000561"/>
        <testcase name="testResetScore" class="App\Tests\Game\PlayerTest" classname="App.Tests.Game.PlayerTest" file="/Users/kna19mepe/dbwebb-kurser/mvc/me/report/tests/Game/PlayerTest.php" line="36" assertions="1" time="0.001142"/>
        <testcase name="testAddCard" class="App\Tests\Game\PlayerTest" classname="App.Tests.Game.PlayerTest" file="/Users/kna19mepe/dbwebb-kurser/mvc/me/report/tests/Game/PlayerTest.php" line="47" assertions="1" time="0.000750"/>
      </testsuite>
    </testsuite>
  </testsuite>
</testsuites>
