<?xml version="1.0" encoding="UTF-8"?>
<testsuites>
  <testsuite name="" tests="72" assertions="146" errors="0" warnings="0" failures="0" skipped="0" time="0.190990">
    <testsuite name="Project Test Suite" tests="72" assertions="146" errors="0" warnings="0" failures="0" skipped="0" time="0.190990">
      <testsuite name="BlackJackServiceTest" file="/Users/kna19mepe/dbwebb-kurser/mvc/me/report/tests/Blackjack/BlackJackServiceTest.php" tests="23" assertions="30" errors="0" warnings="0" failures="0" skipped="0" time="0.129153">
        <testcase name="testPlaceBet" class="BlackJackServiceTest" classname="BlackJackServiceTest" file="/Users/kna19mepe/dbwebb-kurser/mvc/me/report/tests/Blackjack/BlackJackServiceTest.php" line="24" assertions="1" time="0.051002"/>
        <testcase name="testPlayerDrawCard" class="BlackJackServiceTest" classname="BlackJackServiceTest" file="/Users/kna19mepe/dbwebb-kurser/mvc/me/report/tests/Blackjack/BlackJackServiceTest.php" line="30" assertions="1" time="0.004798"/>
        <testcase name="testBankDrawCard" class="BlackJackServiceTest" classname="BlackJackServiceTest" file="/Users/kna19mepe/dbwebb-kurser/mvc/me/report/tests/Blackjack/BlackJackServiceTest.php" line="37" assertions="1" time="0.002175"/>
        <testcase name="testAreAllPlayersBust" class="BlackJackServiceTest" classname="BlackJackServiceTest" file="/Users/kna19mepe/dbwebb-kurser/mvc/me/report/tests/Blackjack/BlackJackServiceTest.php" line="52" assertions="1" time="0.001908"/>
        <testcase name="testDetermineWinner" class="BlackJackServiceTest" classname="BlackJackServiceTest" file="/Users/kna19mepe/dbwebb-kurser/mvc/me/report/tests/Blackjack/BlackJackServiceTest.php" line="61" assertions="1" time="0.002357"/>
        <testcase name="testResetGame" class="BlackJackServiceTest" classname="BlackJackServiceTest" file="/Users/kna19mepe/dbwebb-kurser/mvc/me/report/tests/Blackjack/BlackJackServiceTest.php" line="74" assertions="4" time="0.041877"/>
        <testcase name="testGetPlayerCards" class="BlackJackServiceTest" classname="BlackJackServiceTest" file="/Users/kna19mepe/dbwebb-kurser/mvc/me/report/tests/Blackjack/BlackJackServiceTest.php" line="84" assertions="2" time="0.002074"/>
        <testcase name="testGetBankCards" class="BlackJackServiceTest" classname="BlackJackServiceTest" file="/Users/kna19mepe/dbwebb-kurser/mvc/me/report/tests/Blackjack/BlackJackServiceTest.php" line="92" assertions="2" time="0.001102"/>
        <testcase name="testGetDealerFirstCard" class="BlackJackServiceTest" classname="BlackJackServiceTest" file="/Users/kna19mepe/dbwebb-kurser/mvc/me/report/tests/Blackjack/BlackJackServiceTest.php" line="100" assertions="1" time="0.001828"/>
        <testcase name="testIsStarted" class="BlackJackServiceTest" classname="BlackJackServiceTest" file="/Users/kna19mepe/dbwebb-kurser/mvc/me/report/tests/Blackjack/BlackJackServiceTest.php" line="107" assertions="2" time="0.001698"/>
        <testcase name="testPlayerBusts" class="BlackJackServiceTest" classname="BlackJackServiceTest" file="/Users/kna19mepe/dbwebb-kurser/mvc/me/report/tests/Blackjack/BlackJackServiceTest.php" line="114" assertions="1" time="0.001279"/>
        <testcase name="testCalculateCardValueAce" class="BlackJackServiceTest" classname="BlackJackServiceTest" file="/Users/kna19mepe/dbwebb-kurser/mvc/me/report/tests/Blackjack/BlackJackServiceTest.php" line="124" assertions="2" time="0.000909"/>
        <testcase name="testCalculateCardValueFaceCard" class="BlackJackServiceTest" classname="BlackJackServiceTest" file="/Users/kna19mepe/dbwebb-kurser/mvc/me/report/tests/Blackjack/BlackJackServiceTest.php" line="136" assertions="1" time="0.000914"/>
        <testcase name="testIsGameOver" class="BlackJackServiceTest" classname="BlackJackServiceTest" file="/Users/kna19mepe/dbwebb-kurser/mvc/me/report/tests/Blackjack/BlackJackServiceTest.php" line="144" assertions="1" time="0.000871"/>
        <testcase name="testAreAllPlayersBustNoneBust" class="BlackJackServiceTest" classname="BlackJackServiceTest" file="/Users/kna19mepe/dbwebb-kurser/mvc/me/report/tests/Blackjack/BlackJackServiceTest.php" line="149" assertions="1" time="0.001722"/>
        <testcase name="testAreAllPlayersBustOneOrMoreBust" class="BlackJackServiceTest" classname="BlackJackServiceTest" file="/Users/kna19mepe/dbwebb-kurser/mvc/me/report/tests/Blackjack/BlackJackServiceTest.php" line="161" assertions="1" time="0.001806"/>
        <testcase name="testBankDrawCardBust" class="BlackJackServiceTest" classname="BlackJackServiceTest" file="/Users/kna19mepe/dbwebb-kurser/mvc/me/report/tests/Blackjack/BlackJackServiceTest.php" line="173" assertions="1" time="0.001651"/>
        <testcase name="testBreakLoopIfNoCardDrawn" class="BlackJackServiceTest" classname="BlackJackServiceTest" file="/Users/kna19mepe/dbwebb-kurser/mvc/me/report/tests/Blackjack/BlackJackServiceTest.php" line="188" assertions="1" time="0.001281"/>
        <testcase name="testGetDealerFirstCardReturnsNullIfNoCards" class="BlackJackServiceTest" classname="BlackJackServiceTest" file="/Users/kna19mepe/dbwebb-kurser/mvc/me/report/tests/Blackjack/BlackJackServiceTest.php" line="196" assertions="1" time="0.001855"/>
        <testcase name="testDetermineWinnerAllBust" class="BlackJackServiceTest" classname="BlackJackServiceTest" file="/Users/kna19mepe/dbwebb-kurser/mvc/me/report/tests/Blackjack/BlackJackServiceTest.php" line="201" assertions="1" time="0.001546"/>
        <testcase name="testDetermineWinnerBankBusts" class="BlackJackServiceTest" classname="BlackJackServiceTest" file="/Users/kna19mepe/dbwebb-kurser/mvc/me/report/tests/Blackjack/BlackJackServiceTest.php" line="213" assertions="1" time="0.001683"/>
        <testcase name="testDetermineWinnerDraw" class="BlackJackServiceTest" classname="BlackJackServiceTest" file="/Users/kna19mepe/dbwebb-kurser/mvc/me/report/tests/Blackjack/BlackJackServiceTest.php" line="239" assertions="1" time="0.000988"/>
        <testcase name="testDetermineWinnerBankWins" class="BlackJackServiceTest" classname="BlackJackServiceTest" file="/Users/kna19mepe/dbwebb-kurser/mvc/me/report/tests/Blackjack/BlackJackServiceTest.php" line="252" assertions="1" time="0.001830"/>
      </testsuite>
      <testsuite name="DealerTest" file="/Users/kna19mepe/dbwebb-kurser/mvc/me/report/tests/Blackjack/DealerTest.php" tests="5" assertions="7" errors="0" warnings="0" failures="0" skipped="0" time="0.006530">
        <testcase name="testAddCard" class="DealerTest" classname="DealerTest" file="/Users/kna19mepe/dbwebb-kurser/mvc/me/report/tests/Blackjack/DealerTest.php" line="16" assertions="1" time="0.003148"/>
        <testcase name="testGetCards" class="DealerTest" classname="DealerTest" file="/Users/kna19mepe/dbwebb-kurser/mvc/me/report/tests/Blackjack/DealerTest.php" line="23" assertions="3" time="0.001517"/>
        <testcase name="testGetPointsNoCards" class="DealerTest" classname="DealerTest" file="/Users/kna19mepe/dbwebb-kurser/mvc/me/report/tests/Blackjack/DealerTest.php" line="35" assertions="1" time="0.000559"/>
        <testcase name="testGetPointsWithNumericCards" class="DealerTest" classname="DealerTest" file="/Users/kna19mepe/dbwebb-kurser/mvc/me/report/tests/Blackjack/DealerTest.php" line="40" assertions="1" time="0.000689"/>
        <testcase name="testGetPointsWithNonNumericCards" class="DealerTest" classname="DealerTest" file="/Users/kna19mepe/dbwebb-kurser/mvc/me/report/tests/Blackjack/DealerTest.php" line="47" assertions="1" time="0.000617"/>
      </testsuite>
      <testsuite name="PlayerTest" file="/Users/kna19mepe/dbwebb-kurser/mvc/me/report/tests/Blackjack/PlayerTest.php" tests="10" assertions="12" errors="0" warnings="0" failures="0" skipped="0" time="0.005906">
        <testcase name="testGetName" class="PlayerTest" classname="PlayerTest" file="/Users/kna19mepe/dbwebb-kurser/mvc/me/report/tests/Blackjack/PlayerTest.php" line="16" assertions="1" time="0.000560"/>
        <testcase name="testGetScore" class="PlayerTest" classname="PlayerTest" file="/Users/kna19mepe/dbwebb-kurser/mvc/me/report/tests/Blackjack/PlayerTest.php" line="21" assertions="1" time="0.000512"/>
        <testcase name="testAddToScore" class="PlayerTest" classname="PlayerTest" file="/Users/kna19mepe/dbwebb-kurser/mvc/me/report/tests/Blackjack/PlayerTest.php" line="26" assertions="1" time="0.000740"/>
        <testcase name="testResetScore" class="PlayerTest" classname="PlayerTest" file="/Users/kna19mepe/dbwebb-kurser/mvc/me/report/tests/Blackjack/PlayerTest.php" line="32" assertions="1" time="0.000542"/>
        <testcase name="testAddCard" class="PlayerTest" classname="PlayerTest" file="/Users/kna19mepe/dbwebb-kurser/mvc/me/report/tests/Blackjack/PlayerTest.php" line="39" assertions="1" time="0.000579"/>
        <testcase name="testGetCards" class="PlayerTest" classname="PlayerTest" file="/Users/kna19mepe/dbwebb-kurser/mvc/me/report/tests/Blackjack/PlayerTest.php" line="46" assertions="3" time="0.000612"/>
        <testcase name="testGetMoney" class="PlayerTest" classname="PlayerTest" file="/Users/kna19mepe/dbwebb-kurser/mvc/me/report/tests/Blackjack/PlayerTest.php" line="58" assertions="1" time="0.000538"/>
        <testcase name="testAdjustMoney" class="PlayerTest" classname="PlayerTest" file="/Users/kna19mepe/dbwebb-kurser/mvc/me/report/tests/Blackjack/PlayerTest.php" line="63" assertions="1" time="0.000567"/>
        <testcase name="testIsBust" class="PlayerTest" classname="PlayerTest" file="/Users/kna19mepe/dbwebb-kurser/mvc/me/report/tests/Blackjack/PlayerTest.php" line="69" assertions="1" time="0.000715"/>
        <testcase name="testSetBust" class="PlayerTest" classname="PlayerTest" file="/Users/kna19mepe/dbwebb-kurser/mvc/me/report/tests/Blackjack/PlayerTest.php" line="74" assertions="1" time="0.000541"/>
      </testsuite>
      <testsuite name="App\Dice\DiceTest" file="/Users/kna19mepe/dbwebb-kurser/mvc/me/report/tests/Dice/DiceTest.php" tests="2" assertions="3" errors="0" warnings="0" failures="0" skipped="0" time="0.006829">
        <testcase name="testCreateDice" class="App\Dice\DiceTest" classname="App.Dice.DiceTest" file="/Users/kna19mepe/dbwebb-kurser/mvc/me/report/tests/Dice/DiceTest.php" line="16" assertions="2" time="0.005440"/>
        <testcase name="testStubRollDiceLastRoll" class="App\Dice\DiceTest" classname="App.Dice.DiceTest" file="/Users/kna19mepe/dbwebb-kurser/mvc/me/report/tests/Dice/DiceTest.php" line="28" assertions="1" time="0.001389"/>
      </testsuite>
      <testsuite name="CardGraphicTest" file="/Users/kna19mepe/dbwebb-kurser/mvc/me/report/tests/Game/CardGraphicTest.php" tests="2" assertions="4" errors="0" warnings="0" failures="0" skipped="0" time="0.001135">
        <testcase name="testGetGraphic" class="CardGraphicTest" classname="CardGraphicTest" file="/Users/kna19mepe/dbwebb-kurser/mvc/me/report/tests/Game/CardGraphicTest.php" line="8" assertions="2" time="0.000593"/>
        <testcase name="testGetSuitColor" class="CardGraphicTest" classname="CardGraphicTest" file="/Users/kna19mepe/dbwebb-kurser/mvc/me/report/tests/Game/CardGraphicTest.php" line="17" assertions="2" time="0.000542"/>
      </testsuite>
      <testsuite name="App\Tests\Card\CardTest" file="/Users/kna19mepe/dbwebb-kurser/mvc/me/report/tests/Game/CardTest.php" tests="2" assertions="2" errors="0" warnings="0" failures="0" skipped="0" time="0.001109">
        <testcase name="testGetSuit" class="App\Tests\Card\CardTest" classname="App.Tests.Card.CardTest" file="/Users/kna19mepe/dbwebb-kurser/mvc/me/report/tests/Game/CardTest.php" line="16" assertions="1" time="0.000550"/>
        <testcase name="testGetValue" class="App\Tests\Card\CardTest" classname="App.Tests.Card.CardTest" file="/Users/kna19mepe/dbwebb-kurser/mvc/me/report/tests/Game/CardTest.php" line="27" assertions="1" time="0.000559"/>
      </testsuite>
      <testsuite name="App\Tests\Card\DeckTest" file="/Users/kna19mepe/dbwebb-kurser/mvc/me/report/tests/Game/DeckTest.php" tests="8" assertions="63" errors="0" warnings="0" failures="0" skipped="0" time="0.019896">
        <testcase name="testCreateDeck" class="App\Tests\Card\DeckTest" classname="App.Tests.Card.DeckTest" file="/Users/kna19mepe/dbwebb-kurser/mvc/me/report/tests/Game/DeckTest.php" line="20" assertions="2" time="0.000816"/>
        <testcase name="testShuffle" class="App\Tests\Card\DeckTest" classname="App.Tests.Card.DeckTest" file="/Users/kna19mepe/dbwebb-kurser/mvc/me/report/tests/Game/DeckTest.php" line="30" assertions="1" time="0.011424"/>
        <testcase name="testDrawSpecificCard" class="App\Tests\Card\DeckTest" classname="App.Tests.Card.DeckTest" file="/Users/kna19mepe/dbwebb-kurser/mvc/me/report/tests/Game/DeckTest.php" line="44" assertions="1" time="0.000821"/>
        <testcase name="testDrawSpecificCardWhenIndexOutOfBounds" class="App\Tests\Card\DeckTest" classname="App.Tests.Card.DeckTest" file="/Users/kna19mepe/dbwebb-kurser/mvc/me/report/tests/Game/DeckTest.php" line="55" assertions="1" time="0.000779"/>
        <testcase name="testIsSorted" class="App\Tests\Card\DeckTest" classname="App.Tests.Card.DeckTest" file="/Users/kna19mepe/dbwebb-kurser/mvc/me/report/tests/Game/DeckTest.php" line="66" assertions="1" time="0.003114"/>
        <testcase name="testIsSortedWhenDeckNotSorted" class="App\Tests\Card\DeckTest" classname="App.Tests.Card.DeckTest" file="/Users/kna19mepe/dbwebb-kurser/mvc/me/report/tests/Game/DeckTest.php" line="77" assertions="1" time="0.000823"/>
        <testcase name="testCreateDrawFromDeck" class="App\Tests\Card\DeckTest" classname="App.Tests.Card.DeckTest" file="/Users/kna19mepe/dbwebb-kurser/mvc/me/report/tests/Game/DeckTest.php" line="87" assertions="2" time="0.000831"/>
        <testcase name="testCreateDeckWithCardGraphic" class="App\Tests\Card\DeckTest" classname="App.Tests.Card.DeckTest" file="/Users/kna19mepe/dbwebb-kurser/mvc/me/report/tests/Game/DeckTest.php" line="97" assertions="54" time="0.001288"/>
      </testsuite>
      <testsuite name="App\Tests\Game\GameTest" file="/Users/kna19mepe/dbwebb-kurser/mvc/me/report/tests/Game/GameTest.php" tests="16" assertions="21" errors="0" warnings="0" failures="0" skipped="0" time="0.017657">
        <testcase name="testInitialScores" class="App\Tests\Game\GameTest" classname="App.Tests.Game.GameTest" file="/Users/kna19mepe/dbwebb-kurser/mvc/me/report/tests/Game/GameTest.php" line="18" assertions="2" time="0.006780"/>
        <testcase name="testPlayerDrawCard" class="App\Tests\Game\GameTest" classname="App.Tests.Game.GameTest" file="/Users/kna19mepe/dbwebb-kurser/mvc/me/report/tests/Game/GameTest.php" line="29" assertions="2" time="0.001529"/>
        <testcase name="testDetermineWinnerPlayerWins" class="App\Tests\Game\GameTest" classname="App.Tests.Game.GameTest" file="/Users/kna19mepe/dbwebb-kurser/mvc/me/report/tests/Game/GameTest.php" line="41" assertions="1" time="0.000749"/>
        <testcase name="testDetermineWinnerBankWins" class="App\Tests\Game\GameTest" classname="App.Tests.Game.GameTest" file="/Users/kna19mepe/dbwebb-kurser/mvc/me/report/tests/Game/GameTest.php" line="53" assertions="1" time="0.000657"/>
        <testcase name="testDetermineWinnerTie" class="App\Tests\Game\GameTest" classname="App.Tests.Game.GameTest" file="/Users/kna19mepe/dbwebb-kurser/mvc/me/report/tests/Game/GameTest.php" line="65" assertions="1" time="0.000648"/>
        <testcase name="testResetGame" class="App\Tests\Game\GameTest" classname="App.Tests.Game.GameTest" file="/Users/kna19mepe/dbwebb-kurser/mvc/me/report/tests/Game/GameTest.php" line="77" assertions="3" time="0.000620"/>
        <testcase name="testBankDrawCard" class="App\Tests\Game\GameTest" classname="App.Tests.Game.GameTest" file="/Users/kna19mepe/dbwebb-kurser/mvc/me/report/tests/Game/GameTest.php" line="92" assertions="2" time="0.000760"/>
        <testcase name="testIsPlayerDrawn" class="App\Tests\Game\GameTest" classname="App.Tests.Game.GameTest" file="/Users/kna19mepe/dbwebb-kurser/mvc/me/report/tests/Game/GameTest.php" line="105" assertions="1" time="0.000658"/>
        <testcase name="testQueenCardValue" class="App\Tests\Game\GameTest" classname="App.Tests.Game.GameTest" file="/Users/kna19mepe/dbwebb-kurser/mvc/me/report/tests/Game/GameTest.php" line="116" assertions="1" time="0.000664"/>
        <testcase name="testJackCardValue" class="App\Tests\Game\GameTest" classname="App.Tests.Game.GameTest" file="/Users/kna19mepe/dbwebb-kurser/mvc/me/report/tests/Game/GameTest.php" line="127" assertions="1" time="0.000699"/>
        <testcase name="testPlayerWinsWhenPlayerScoreExceeds21" class="App\Tests\Game\GameTest" classname="App.Tests.Game.GameTest" file="/Users/kna19mepe/dbwebb-kurser/mvc/me/report/tests/Game/GameTest.php" line="138" assertions="1" time="0.000618"/>
        <testcase name="testBankWinsWhenBankScoreExceeds21" class="App\Tests\Game\GameTest" classname="App.Tests.Game.GameTest" file="/Users/kna19mepe/dbwebb-kurser/mvc/me/report/tests/Game/GameTest.php" line="149" assertions="1" time="0.000614"/>
        <testcase name="testPlayerWinsWithHigherScore" class="App\Tests\Game\GameTest" classname="App.Tests.Game.GameTest" file="/Users/kna19mepe/dbwebb-kurser/mvc/me/report/tests/Game/GameTest.php" line="160" assertions="1" time="0.000583"/>
        <testcase name="testBankWinsWithHigherScore" class="App\Tests\Game\GameTest" classname="App.Tests.Game.GameTest" file="/Users/kna19mepe/dbwebb-kurser/mvc/me/report/tests/Game/GameTest.php" line="172" assertions="1" time="0.000707"/>
        <testcase name="testPlayerDrawCardGameOver" class="App\Tests\Game\GameTest" classname="App.Tests.Game.GameTest" file="/Users/kna19mepe/dbwebb-kurser/mvc/me/report/tests/Game/GameTest.php" line="184" assertions="1" time="0.000704"/>
        <testcase name="testCalculateCardValueNumericValue" class="App\Tests\Game\GameTest" classname="App.Tests.Game.GameTest" file="/Users/kna19mepe/dbwebb-kurser/mvc/me/report/tests/Game/GameTest.php" line="196" assertions="1" time="0.000668"/>
      </testsuite>
      <testsuite name="App\Tests\Game\PlayerTest" file="/Users/kna19mepe/dbwebb-kurser/mvc/me/report/tests/Game/PlayerTest.php" tests="4" assertions="4" errors="0" warnings="0" failures="0" skipped="0" time="0.002774">
        <testcase name="testInitialScore" class="App\Tests\Game\PlayerTest" classname="App.Tests.Game.PlayerTest" file="/Users/kna19mepe/dbwebb-kurser/mvc/me/report/tests/Game/PlayerTest.php" line="17" assertions="1" time="0.000562"/>
        <testcase name="testAddToScore" class="App\Tests\Game\PlayerTest" classname="App.Tests.Game.PlayerTest" file="/Users/kna19mepe/dbwebb-kurser/mvc/me/report/tests/Game/PlayerTest.php" line="26" assertions="1" time="0.000536"/>
        <testcase name="testResetScore" class="App\Tests\Game\PlayerTest" classname="App.Tests.Game.PlayerTest" file="/Users/kna19mepe/dbwebb-kurser/mvc/me/report/tests/Game/PlayerTest.php" line="36" assertions="1" time="0.000883"/>
        <testcase name="testAddCard" class="App\Tests\Game\PlayerTest" classname="App.Tests.Game.PlayerTest" file="/Users/kna19mepe/dbwebb-kurser/mvc/me/report/tests/Game/PlayerTest.php" line="47" assertions="1" time="0.000793"/>
      </testsuite>
    </testsuite>
  </testsuite>
</testsuites>
